<?xml version="1.0" encoding="UTF-8"?>
<!-- Generated by org.testng.reporters.JUnitXMLReporter -->
<testsuite ignored="0" hostname="ArunHiremath" failures="1" tests="1" name="Test" time="78.138" errors="0" timestamp="2022-06-15T22:39:34 IST">
  <testcase classname="practice.ListenerTest" name="sampleScreenShot" time="0.011">
    <failure type="java.lang.AssertionError" message="null">
      <![CDATA[java.lang.AssertionError: null
at practice.ListenerTest.sampleScreenShot(ListenerTest.java:16)
at java.base/java.util.ArrayList.forEach(ArrayList.java:1511)
... Removed 29 stack frames]]>
    </failure>
  </testcase> <!-- sampleScreenShot -->
</testsuite> <!-- Test -->
