<?xml version="1.0" encoding="UTF-8"?>
<!-- Generated by org.testng.reporters.JUnitXMLReporter -->
<testsuite ignored="4" hostname="ArunHiremath" failures="0" tests="2" name="Test1" time="78.189" errors="0" timestamp="2022-06-09T17:35:56 IST">
  <testcase classname="com.crm.maranus.contactTest.CreateContactTest" name="createContactTest" time="27.41"/>
  <testcase classname="com.crm.maranus.contactTest.DeleteContactTest" name="deleteContact" time="22.694"/>
  <testcase classname="Generic_Libraries.BaseClass" name="@AfterTest endingExecution" time="0.0">
    <ignored/>
  </testcase> <!-- @AfterTest endingExecution -->
  <testcase classname="Generic_Libraries.BaseClass" name="@AfterSuite removingOfDatabaseConnection" time="0.0">
    <ignored/>
  </testcase> <!-- @AfterSuite removingOfDatabaseConnection -->
  <testcase classname="Generic_Libraries.BaseClass" name="@BeforeSuite dataBaseConnection" time="0.0">
    <ignored/>
  </testcase> <!-- @BeforeSuite dataBaseConnection -->
  <testcase classname="Generic_Libraries.BaseClass" name="@BeforeTest typeOfExecution" time="0.0">
    <ignored/>
  </testcase> <!-- @BeforeTest typeOfExecution -->
</testsuite> <!-- Test1 -->
