<?xml version="1.0" encoding="UTF-8"?>
<testng-results ignored="0" total="1" passed="0" failed="1" skipped="0">
  <reporter-output>
  </reporter-output>
  <suite started-at="2022-06-15T22:38:16 IST" name="Suite" finished-at="2022-06-15T22:39:34 IST" duration-ms="78138">
    <groups>
    </groups>
    <test started-at="2022-06-15T22:38:16 IST" name="Test" finished-at="2022-06-15T22:39:34 IST" duration-ms="78138">
      <class name="practice.ListenerTest">
        <test-method is-config="true" signature="dataBaseConnection()[pri:0, instance:practice.ListenerTest@6e0f5f7f]" started-at="2022-06-15T22:38:15 IST" name="dataBaseConnection" finished-at="2022-06-15T22:38:16 IST" duration-ms="602" status="PASS">
          <reporter-output>
          </reporter-output>
        </test-method> <!-- dataBaseConnection -->
        <test-method is-config="true" signature="typeOfExecution()[pri:0, instance:practice.ListenerTest@6e0f5f7f]" started-at="2022-06-15T22:38:16 IST" name="typeOfExecution" finished-at="2022-06-15T22:38:16 IST" duration-ms="0" status="PASS">
          <reporter-output>
          </reporter-output>
        </test-method> <!-- typeOfExecution -->
        <test-method is-config="true" signature="launchingTheBrowser(java.lang.String)[pri:0, instance:practice.ListenerTest@6e0f5f7f]" started-at="2022-06-15T22:38:16 IST" name="launchingTheBrowser" finished-at="2022-06-15T22:39:15 IST" duration-ms="58928" status="PASS">
          <params>
            <param index="0">
              <value>
                <![CDATA[chrome]]>
              </value>
            </param>
          </params>
          <reporter-output>
          </reporter-output>
        </test-method> <!-- launchingTheBrowser -->
        <test-method is-config="true" signature="loginToApp()[pri:0, instance:practice.ListenerTest@6e0f5f7f]" started-at="2022-06-15T22:39:15 IST" name="loginToApp" finished-at="2022-06-15T22:39:22 IST" duration-ms="7248" status="PASS">
          <reporter-output>
          </reporter-output>
        </test-method> <!-- loginToApp -->
        <test-method signature="sampleScreenShot()[pri:0, instance:practice.ListenerTest@6e0f5f7f]" started-at="2022-06-15T22:39:22 IST" name="sampleScreenShot" finished-at="2022-06-15T22:39:22 IST" duration-ms="11" status="FAIL">
          <exception class="java.lang.AssertionError">
            <message>
              <![CDATA[null]]>
            </message>
            <full-stacktrace>
              <![CDATA[java.lang.AssertionError: null
at org.testng.Assert.fail(Assert.java:99)
at org.testng.Assert.fail(Assert.java:106)
at practice.ListenerTest.sampleScreenShot(ListenerTest.java:16)
at java.base/jdk.internal.reflect.NativeMethodAccessorImpl.invoke0(Native Method)
at java.base/jdk.internal.reflect.NativeMethodAccessorImpl.invoke(NativeMethodAccessorImpl.java:78)
at java.base/jdk.internal.reflect.DelegatingMethodAccessorImpl.invoke(DelegatingMethodAccessorImpl.java:43)
at java.base/java.lang.reflect.Method.invoke(Method.java:567)
at org.testng.internal.MethodInvocationHelper.invokeMethod(MethodInvocationHelper.java:133)
at org.testng.internal.TestInvoker.invokeMethod(TestInvoker.java:598)
at org.testng.internal.TestInvoker.invokeTestMethod(TestInvoker.java:173)
at org.testng.internal.MethodRunner.runInSequence(MethodRunner.java:46)
at org.testng.internal.TestInvoker$MethodInvocationAgent.invoke(TestInvoker.java:824)
at org.testng.internal.TestInvoker.invokeTestMethods(TestInvoker.java:146)
at org.testng.internal.TestMethodWorker.invokeTestMethods(TestMethodWorker.java:146)
at org.testng.internal.TestMethodWorker.run(TestMethodWorker.java:128)
at java.base/java.util.ArrayList.forEach(ArrayList.java:1511)
at org.testng.TestRunner.privateRun(TestRunner.java:794)
at org.testng.TestRunner.run(TestRunner.java:596)
at org.testng.SuiteRunner.runTest(SuiteRunner.java:377)
at org.testng.SuiteRunner.runSequentially(SuiteRunner.java:371)
at org.testng.SuiteRunner.privateRun(SuiteRunner.java:332)
at org.testng.SuiteRunner.run(SuiteRunner.java:276)
at org.testng.SuiteRunnerWorker.runSuite(SuiteRunnerWorker.java:53)
at org.testng.SuiteRunnerWorker.run(SuiteRunnerWorker.java:96)
at org.testng.TestNG.runSuitesSequentially(TestNG.java:1212)
at org.testng.TestNG.runSuitesLocally(TestNG.java:1134)
at org.testng.TestNG.runSuites(TestNG.java:1063)
at org.testng.TestNG.run(TestNG.java:1031)
at org.testng.remote.AbstractRemoteTestNG.run(AbstractRemoteTestNG.java:115)
at org.testng.remote.RemoteTestNG.initAndRun(RemoteTestNG.java:251)
at org.testng.remote.RemoteTestNG.main(RemoteTestNG.java:77)
]]>
            </full-stacktrace>
          </exception> <!-- java.lang.AssertionError -->
          <reporter-output>
          </reporter-output>
        </test-method> <!-- sampleScreenShot -->
        <test-method is-config="true" signature="logoutFromApp()[pri:0, instance:practice.ListenerTest@6e0f5f7f]" started-at="2022-06-15T22:39:23 IST" name="logoutFromApp" finished-at="2022-06-15T22:39:34 IST" duration-ms="10262" status="PASS">
          <reporter-output>
          </reporter-output>
        </test-method> <!-- logoutFromApp -->
        <test-method is-config="true" signature="closingBrowser()[pri:0, instance:practice.ListenerTest@6e0f5f7f]" started-at="2022-06-15T22:39:34 IST" name="closingBrowser" finished-at="2022-06-15T22:39:34 IST" duration-ms="508" status="PASS">
          <reporter-output>
          </reporter-output>
        </test-method> <!-- closingBrowser -->
        <test-method is-config="true" signature="endingExecution()[pri:0, instance:practice.ListenerTest@6e0f5f7f]" started-at="2022-06-15T22:39:34 IST" name="endingExecution" finished-at="2022-06-15T22:39:34 IST" duration-ms="0" status="PASS">
          <reporter-output>
          </reporter-output>
        </test-method> <!-- endingExecution -->
        <test-method is-config="true" signature="removingOfDatabaseConnection()[pri:0, instance:practice.ListenerTest@6e0f5f7f]" started-at="2022-06-15T22:39:34 IST" name="removingOfDatabaseConnection" finished-at="2022-06-15T22:39:34 IST" duration-ms="0" status="PASS">
          <reporter-output>
          </reporter-output>
        </test-method> <!-- removingOfDatabaseConnection -->
      </class> <!-- practice.ListenerTest -->
    </test> <!-- Test -->
  </suite> <!-- Suite -->
</testng-results>
